<?xml version="1.0" encoding="UTF-8"?>
<testsuite name="rspec" tests="20" skipped="0" failures="0" errors="0" time="0.011727" timestamp="2020-04-17T19:40:37-03:00" hostname="DESKTOP-DH14PV1">
<properties>
<property name="seed" value="56759"/>
</properties>
<testcase classname="spec.avengers_spec" name="AvengersHeadQuarters deve adicionar um vingador" file="./spec/avengers_spec.rb" time="0.001326"></testcase>
<testcase classname="spec.avengers_spec" name="AvengersHeadQuarters deve adicionar uma lista de vingadores" file="./spec/avengers_spec.rb" time="0.002947"></testcase>
<testcase classname="spec.avengers_spec" name="AvengersHeadQuarters thor deve ser o primeiro da lista" file="./spec/avengers_spec.rb" time="0.001419"></testcase>
<testcase classname="spec.avengers_spec" name="AvengersHeadQuarters Ironman deve ser o último da lista" file="./spec/avengers_spec.rb" time="0.000061"></testcase>
<testcase classname="spec.avengers_spec" name="AvengersHeadQuarters deve conter o sobrenome" file="./spec/avengers_spec.rb" time="0.001444"></testcase>
<testcase classname="spec.bank.saque_conta_corrente_spec" name="ContaCorrente Saque quando o valor é positivo então atualiza saldo" file="./spec/bank/saque_conta_corrente_spec.rb" time="0.000057"></testcase>
<testcase classname="spec.bank.saque_conta_corrente_spec" name="ContaCorrente Saque quando o saldo é zero então exibe mensagem" file="./spec/bank/saque_conta_corrente_spec.rb" time="0.000059"></testcase>
<testcase classname="spec.bank.saque_conta_corrente_spec" name="ContaCorrente Saque quando o saldo é zero e saldo permanece zerado" file="./spec/bank/saque_conta_corrente_spec.rb" time="0.000049"></testcase>
<testcase classname="spec.bank.saque_conta_corrente_spec" name="ContaCorrente Saque quando o saldo é insuficiente então exibe mensagem" file="./spec/bank/saque_conta_corrente_spec.rb" time="0.000048"></testcase>
<testcase classname="spec.bank.saque_conta_corrente_spec" name="ContaCorrente Saque quando o saldo é insuficiente e o saldo permanece o mesmo" file="./spec/bank/saque_conta_corrente_spec.rb" time="0.000044"></testcase>
<testcase classname="spec.bank.saque_conta_corrente_spec" name="ContaCorrente Saque quando supera o limite de saque então exibe mensagem" file="./spec/bank/saque_conta_corrente_spec.rb" time="0.000063"></testcase>
<testcase classname="spec.bank.saque_conta_corrente_spec" name="ContaCorrente Saque quando supera o limite de saque e o saldo permanece o mesmo" file="./spec/bank/saque_conta_corrente_spec.rb" time="0.000043"></testcase>
<testcase classname="spec.bank.saque_conta_poupanca_spec" name="ContaPoupanca Saque quando o valor é positivo então atualiza saldo" file="./spec/bank/saque_conta_poupanca_spec.rb" time="0.000046"></testcase>
<testcase classname="spec.bank.saque_conta_poupanca_spec" name="ContaPoupanca Saque quando o saldo é zero então exibe mensagem" file="./spec/bank/saque_conta_poupanca_spec.rb" time="0.000045"></testcase>
<testcase classname="spec.bank.saque_conta_poupanca_spec" name="ContaPoupanca Saque quando o saldo é zero e saldo permanece zerado" file="./spec/bank/saque_conta_poupanca_spec.rb" time="0.000046"></testcase>
<testcase classname="spec.bank.saque_conta_poupanca_spec" name="ContaPoupanca Saque quando o saldo é insuficiente então exibe mensagem" file="./spec/bank/saque_conta_poupanca_spec.rb" time="0.000044"></testcase>
<testcase classname="spec.bank.saque_conta_poupanca_spec" name="ContaPoupanca Saque quando o saldo é insuficiente e o saldo permanece o mesmo" file="./spec/bank/saque_conta_poupanca_spec.rb" time="0.000051"></testcase>
<testcase classname="spec.bank.saque_conta_poupanca_spec" name="ContaPoupanca Saque quando supera o limite de saque então exibe mensagem" file="./spec/bank/saque_conta_poupanca_spec.rb" time="0.000052"></testcase>
<testcase classname="spec.bank.saque_conta_poupanca_spec" name="ContaPoupanca Saque quando supera o limite de saque e o saldo permanece o mesmo" file="./spec/bank/saque_conta_poupanca_spec.rb" time="0.000042"></testcase>
<testcase classname="spec.exemplos_spec" name="suite rspec soma de valores" file="./spec/exemplos_spec.rb" time="0.000044"></testcase>
</testsuite>
